{"/home/travis/build/npmtest/node-npmtest-content-disposition/test.js":{"path":"/home/travis/build/npmtest/node-npmtest-content-disposition/test.js","s":{"1":2,"2":2,"3":2,"4":2,"5":2,"6":2,"7":2,"8":1,"9":2,"10":2,"11":1,"12":1,"13":1,"14":1,"15":2,"16":2,"17":2,"18":2,"19":1,"20":1,"21":2,"22":2,"23":2,"24":1,"25":1,"26":1,"27":1,"28":1,"29":1,"30":1,"31":1,"32":1,"33":1,"34":1,"35":1,"36":1,"37":1,"38":1,"39":2,"40":2,"41":1,"42":2,"43":2,"44":1,"45":2,"46":2,"47":1,"48":2,"49":2,"50":1,"51":1,"52":1,"53":1,"54":1},"b":{"1":[2,1,1,1],"2":[1,1,1,1],"3":[1,1],"4":[1,1],"5":[1,1],"6":[1,1],"7":[1,1],"8":[1,1],"9":[1,1],"10":[1,1,1],"11":[1,1],"12":[1,1],"13":[1,1],"14":[1,1],"15":[1,1],"16":[1,1],"17":[1,1]},"f":{"1":2,"2":2,"3":2,"4":2,"5":2,"6":1,"7":1,"8":1,"9":2,"10":2,"11":2,"12":2,"13":1},"fnMap":{"1":{"name":"(anonymous_1)","line":12,"loc":{"start":{"line":12,"column":1},"end":{"line":12,"column":13}}},"2":{"name":"(anonymous_2)","line":19,"loc":{"start":{"line":19,"column":5},"end":{"line":19,"column":17}}},"3":{"name":"(anonymous_3)","line":23,"loc":{"start":{"line":23,"column":24},"end":{"line":23,"column":36}}},"4":{"name":"(anonymous_4)","line":61,"loc":{"start":{"line":61,"column":5},"end":{"line":61,"column":17}}},"5":{"name":"(anonymous_5)","line":82,"loc":{"start":{"line":82,"column":5},"end":{"line":82,"column":17}}},"6":{"name":"(anonymous_6)","line":91,"loc":{"start":{"line":91,"column":77},"end":{"line":94,"column":10}}},"7":{"name":"(anonymous_7)","line":112,"loc":{"start":{"line":112,"column":83},"end":{"line":115,"column":10}},"skip":true},"8":{"name":"(anonymous_8)","line":123,"loc":{"start":{"line":123,"column":77},"end":{"line":126,"column":10}},"skip":true},"9":{"name":"(anonymous_9)","line":139,"loc":{"start":{"line":139,"column":12},"end":{"line":139,"column":40}},"skip":true},"10":{"name":"(anonymous_10)","line":147,"loc":{"start":{"line":147,"column":77},"end":{"line":150,"column":10}},"skip":true},"11":{"name":"(anonymous_11)","line":158,"loc":{"start":{"line":158,"column":83},"end":{"line":161,"column":10}},"skip":true},"12":{"name":"(anonymous_12)","line":169,"loc":{"start":{"line":169,"column":79},"end":{"line":172,"column":10}},"skip":true},"13":{"name":"(anonymous_13)","line":180,"loc":{"start":{"line":180,"column":75},"end":{"line":183,"column":10}},"skip":true}},"statementMap":{"1":{"start":{"line":12,"column":0},"end":{"line":195,"column":5}},"2":{"start":{"line":14,"column":4},"end":{"line":14,"column":14}},"3":{"start":{"line":19,"column":4},"end":{"line":56,"column":9}},"4":{"start":{"line":21,"column":8},"end":{"line":21,"column":19}},"5":{"start":{"line":23,"column":8},"end":{"line":35,"column":13}},"6":{"start":{"line":24,"column":12},"end":{"line":34,"column":13}},"7":{"start":{"line":25,"column":16},"end":{"line":28,"column":30}},"8":{"start":{"line":30,"column":16},"end":{"line":33,"column":27}},"9":{"start":{"line":37,"column":8},"end":{"line":39,"column":21}},"10":{"start":{"line":40,"column":8},"end":{"line":53,"column":9}},"11":{"start":{"line":43,"column":12},"end":{"line":46,"column":14}},"12":{"start":{"line":47,"column":12},"end":{"line":47,"column":18}},"13":{"start":{"line":50,"column":12},"end":{"line":51,"column":33}},"14":{"start":{"line":52,"column":12},"end":{"line":52,"column":18}},"15":{"start":{"line":55,"column":8},"end":{"line":55,"column":35}},"16":{"start":{"line":61,"column":4},"end":{"line":63,"column":9}},"17":{"start":{"line":62,"column":8},"end":{"line":62,"column":15}},"18":{"start":{"line":64,"column":4},"end":{"line":77,"column":5}},"19":{"start":{"line":70,"column":8},"end":{"line":70,"column":14}},"20":{"start":{"line":76,"column":8},"end":{"line":76,"column":14}},"21":{"start":{"line":82,"column":4},"end":{"line":84,"column":9}},"22":{"start":{"line":83,"column":8},"end":{"line":83,"column":15}},"23":{"start":{"line":85,"column":4},"end":{"line":194,"column":5}},"24":{"start":{"line":91,"column":8},"end":{"line":99,"column":10}},"25":{"start":{"line":98,"column":12},"end":{"line":98,"column":35}},"26":{"start":{"line":102,"column":8},"end":{"line":104,"column":63}},"27":{"start":{"line":105,"column":8},"end":{"line":105,"column":14}},"28":{"start":{"line":112,"column":8},"end":{"line":121,"column":10},"skip":true},"29":{"start":{"line":119,"column":12},"end":{"line":119,"column":55},"skip":true},"30":{"start":{"line":120,"column":12},"end":{"line":120,"column":48},"skip":true},"31":{"start":{"line":123,"column":8},"end":{"line":136,"column":10},"skip":true},"32":{"start":{"line":130,"column":12},"end":{"line":130,"column":76},"skip":true},"33":{"start":{"line":131,"column":12},"end":{"line":131,"column":73},"skip":true},"34":{"start":{"line":132,"column":12},"end":{"line":132,"column":74},"skip":true},"35":{"start":{"line":133,"column":12},"end":{"line":133,"column":79},"skip":true},"36":{"start":{"line":134,"column":12},"end":{"line":134,"column":25},"skip":true},"37":{"start":{"line":135,"column":12},"end":{"line":135,"column":45},"skip":true},"38":{"start":{"line":138,"column":8},"end":{"line":145,"column":14},"skip":true},"39":{"start":{"line":143,"column":16},"end":{"line":143,"column":29},"skip":true},"40":{"start":{"line":144,"column":16},"end":{"line":144,"column":55},"skip":true},"41":{"start":{"line":147,"column":8},"end":{"line":156,"column":10},"skip":true},"42":{"start":{"line":154,"column":12},"end":{"line":154,"column":25},"skip":true},"43":{"start":{"line":155,"column":12},"end":{"line":155,"column":45},"skip":true},"44":{"start":{"line":158,"column":8},"end":{"line":167,"column":10},"skip":true},"45":{"start":{"line":165,"column":12},"end":{"line":165,"column":25},"skip":true},"46":{"start":{"line":166,"column":12},"end":{"line":166,"column":48},"skip":true},"47":{"start":{"line":169,"column":8},"end":{"line":178,"column":10},"skip":true},"48":{"start":{"line":176,"column":12},"end":{"line":176,"column":25},"skip":true},"49":{"start":{"line":177,"column":12},"end":{"line":177,"column":46},"skip":true},"50":{"start":{"line":180,"column":8},"end":{"line":189,"column":10},"skip":true},"51":{"start":{"line":187,"column":12},"end":{"line":187,"column":94},"skip":true},"52":{"start":{"line":188,"column":12},"end":{"line":188,"column":48},"skip":true},"53":{"start":{"line":192,"column":8},"end":{"line":192,"column":35},"skip":true},"54":{"start":{"line":193,"column":8},"end":{"line":193,"column":14},"skip":true}},"branchMap":{"1":{"line":25,"type":"binary-expr","locations":[{"start":{"line":25,"column":23},"end":{"line":25,"column":62}},{"start":{"line":26,"column":20},"end":{"line":26,"column":70}},{"start":{"line":27,"column":20},"end":{"line":27,"column":71}},{"start":{"line":28,"column":20},"end":{"line":28,"column":29}}]},"2":{"line":30,"type":"binary-expr","locations":[{"start":{"line":30,"column":23},"end":{"line":30,"column":37}},{"start":{"line":31,"column":20},"end":{"line":31,"column":61}},{"start":{"line":32,"column":20},"end":{"line":32,"column":70}},{"start":{"line":33,"column":20},"end":{"line":33,"column":26}}]},"3":{"line":37,"type":"cond-expr","locations":[{"start":{"line":38,"column":14},"end":{"line":38,"column":20}},{"start":{"line":39,"column":14},"end":{"line":39,"column":20}}]},"4":{"line":40,"type":"switch","locations":[{"start":{"line":42,"column":8},"end":{"line":47,"column":18}},{"start":{"line":49,"column":8},"end":{"line":52,"column":18}}]},"5":{"line":44,"type":"binary-expr","locations":[{"start":{"line":44,"column":16},"end":{"line":44,"column":44}},{"start":{"line":44,"column":48},"end":{"line":44,"column":66}}]},"6":{"line":50,"type":"binary-expr","locations":[{"start":{"line":50,"column":21},"end":{"line":50,"column":49}},{"start":{"line":50,"column":53},"end":{"line":50,"column":72}}]},"7":{"line":64,"type":"switch","locations":[{"start":{"line":69,"column":4},"end":{"line":70,"column":14}},{"start":{"line":75,"column":4},"end":{"line":76,"column":14}}]},"8":{"line":85,"type":"switch","locations":[{"start":{"line":90,"column":4},"end":{"line":105,"column":14}},{"start":{"line":111,"column":4},"end":{"line":193,"column":14},"skip":true}]},"9":{"line":91,"type":"binary-expr","locations":[{"start":{"line":91,"column":42},"end":{"line":91,"column":73}},{"start":{"line":91,"column":77},"end":{"line":99,"column":9}}]},"10":{"line":102,"type":"binary-expr","locations":[{"start":{"line":102,"column":18},"end":{"line":102,"column":32}},{"start":{"line":103,"column":12},"end":{"line":103,"column":53}},{"start":{"line":104,"column":12},"end":{"line":104,"column":61}}]},"11":{"line":112,"type":"binary-expr","locations":[{"start":{"line":112,"column":45},"end":{"line":112,"column":79},"skip":true},{"start":{"line":112,"column":83},"end":{"line":121,"column":9},"skip":true}]},"12":{"line":123,"type":"binary-expr","locations":[{"start":{"line":123,"column":42},"end":{"line":123,"column":73},"skip":true},{"start":{"line":123,"column":77},"end":{"line":136,"column":9},"skip":true}]},"13":{"line":138,"type":"binary-expr","locations":[{"start":{"line":138,"column":48},"end":{"line":138,"column":85},"skip":true},{"start":{"line":139,"column":12},"end":{"line":145,"column":13},"skip":true}]},"14":{"line":147,"type":"binary-expr","locations":[{"start":{"line":147,"column":42},"end":{"line":147,"column":73},"skip":true},{"start":{"line":147,"column":77},"end":{"line":156,"column":9},"skip":true}]},"15":{"line":158,"type":"binary-expr","locations":[{"start":{"line":158,"column":45},"end":{"line":158,"column":79},"skip":true},{"start":{"line":158,"column":83},"end":{"line":167,"column":9},"skip":true}]},"16":{"line":169,"type":"binary-expr","locations":[{"start":{"line":169,"column":43},"end":{"line":169,"column":75},"skip":true},{"start":{"line":169,"column":79},"end":{"line":178,"column":9},"skip":true}]},"17":{"line":180,"type":"binary-expr","locations":[{"start":{"line":180,"column":41},"end":{"line":180,"column":71},"skip":true},{"start":{"line":180,"column":75},"end":{"line":189,"column":9},"skip":true}]}},"code":["/* istanbul instrument in package npmtest_content_disposition */","/*jslint","    bitwise: true,","    browser: true,","    maxerr: 8,","    maxlen: 96,","    node: true,","    nomen: true,","    regexp: true,","    stupid: true","*/","(function () {","    'use strict';","    var local;","","","","    // run shared js-env code - init-before","    (function () {","        // init local","        local = {};","        // init modeJs","        local.modeJs = (function () {","            try {","                return typeof navigator.userAgent === 'string' &&","                    typeof document.querySelector('body') === 'object' &&","                    typeof XMLHttpRequest.prototype.open === 'function' &&","                    'browser';","            } catch (errorCaughtBrowser) {","                return module.exports &&","                    typeof process.versions.node === 'string' &&","                    typeof require('http').createServer === 'function' &&","                    'node';","            }","        }());","        // init global","        local.global = local.modeJs === 'browser'","            ? window","            : global;","        switch (local.modeJs) {","        // re-init local from window.local","        case 'browser':","            local = local.global.utility2.objectSetDefault(","                local.global.utility2_rollup || local.global.local,","                local.global.utility2","            );","            break;","        // re-init local from example.js","        case 'node':","            local = (local.global.utility2_rollup || require('utility2'))","                .requireReadme();","            break;","        }","        // export local","        local.global.local = local;","    }());","","","","    // run shared js-env code - function","    (function () {","        return;","    }());","    switch (local.modeJs) {","","","","    // run browser js-env code - function","    case 'browser':","        break;","","","","    // run node js-env code - function","    case 'node':","        break;","    }","","","","    // run shared js-env code - init-after","    (function () {","        return;","    }());","    switch (local.modeJs) {","","","","    // run browser js-env code - init-after","    case 'browser':","        local.testCase_browser_nullCase = local.testCase_browser_nullCase || function (","            options,","            onError","        ) {","        /*","         * this function will test browsers's null-case handling-behavior-behavior","         */","            onError(null, options);","        };","","        // run tests","        local.nop(local.modeTest &&","            document.querySelector('#testRunButton1') &&","            document.querySelector('#testRunButton1').click());","        break;","","","","    // run node js-env code - init-after","    /* istanbul ignore next */","    case 'node':","        local.testCase_buildApidoc_default = local.testCase_buildApidoc_default || function (","            options,","            onError","        ) {","        /*","         * this function will test buildApidoc's default handling-behavior-behavior","         */","            options = { modulePathList: module.paths };","            local.buildApidoc(options, onError);","        };","","        local.testCase_buildApp_default = local.testCase_buildApp_default || function (","            options,","            onError","        ) {","        /*","         * this function will test buildApp's default handling-behavior-behavior","         */","            local.testCase_buildReadme_default(options, local.onErrorThrow);","            local.testCase_buildLib_default(options, local.onErrorThrow);","            local.testCase_buildTest_default(options, local.onErrorThrow);","            local.testCase_buildCustomOrg_default(options, local.onErrorThrow);","            options = [];","            local.buildApp(options, onError);","        };","","        local.testCase_buildCustomOrg_default = local.testCase_buildCustomOrg_default ||","            function (options, onError) {","            /*","             * this function will test buildCustomOrg's default handling-behavior","             */","                options = {};","                local.buildCustomOrg(options, onError);","            };","","        local.testCase_buildLib_default = local.testCase_buildLib_default || function (","            options,","            onError","        ) {","        /*","         * this function will test buildLib's default handling-behavior","         */","            options = {};","            local.buildLib(options, onError);","        };","","        local.testCase_buildReadme_default = local.testCase_buildReadme_default || function (","            options,","            onError","        ) {","        /*","         * this function will test buildReadme's default handling-behavior-behavior","         */","            options = {};","            local.buildReadme(options, onError);","        };","","        local.testCase_buildTest_default = local.testCase_buildTest_default || function (","            options,","            onError","        ) {","        /*","         * this function will test buildTest's default handling-behavior","         */","            options = {};","            local.buildTest(options, onError);","        };","","        local.testCase_webpage_default = local.testCase_webpage_default || function (","            options,","            onError","        ) {","        /*","         * this function will test webpage's default handling-behavior","         */","            options = { modeCoverageMerge: true, url: local.serverLocalHost + '?modeTest=1' };","            local.browserTest(options, onError);","        };","","        // run test-server","        local.testRunServer(local);","        break;","    }","}());",""],"l":{"12":2,"14":2,"19":2,"21":2,"23":2,"24":2,"25":2,"30":1,"37":2,"40":2,"43":1,"47":1,"50":1,"52":1,"55":2,"61":2,"62":2,"64":2,"70":1,"76":1,"82":2,"83":2,"85":2,"91":1,"98":1,"102":1,"105":1,"112":1,"119":1,"120":1,"123":1,"130":1,"131":1,"132":1,"133":1,"134":1,"135":1,"138":1,"143":2,"144":2,"147":1,"154":2,"155":2,"158":1,"165":2,"166":2,"169":1,"176":2,"177":2,"180":1,"187":1,"188":1,"192":1,"193":1}},"/home/travis/build/npmtest/node-npmtest-content-disposition/lib.npmtest_content_disposition.js":{"path":"/home/travis/build/npmtest/node-npmtest-content-disposition/lib.npmtest_content_disposition.js","s":{"1":2,"2":2,"3":2,"4":2,"5":2,"6":2,"7":2,"8":1,"9":2,"10":2,"11":2,"12":2,"13":1,"14":1,"15":1,"16":1},"b":{"1":[2,1,1,1],"2":[1,1,1,1],"3":[1,1],"4":[2,2],"5":[1,1]},"f":{"1":2,"2":2,"3":2},"fnMap":{"1":{"name":"(anonymous_1)","line":12,"loc":{"start":{"line":12,"column":1},"end":{"line":12,"column":13}}},"2":{"name":"(anonymous_2)","line":19,"loc":{"start":{"line":19,"column":5},"end":{"line":19,"column":17}}},"3":{"name":"(anonymous_3)","line":23,"loc":{"start":{"line":23,"column":24},"end":{"line":23,"column":36}}}},"statementMap":{"1":{"start":{"line":12,"column":0},"end":{"line":53,"column":5}},"2":{"start":{"line":14,"column":4},"end":{"line":14,"column":14}},"3":{"start":{"line":19,"column":4},"end":{"line":52,"column":9}},"4":{"start":{"line":21,"column":8},"end":{"line":21,"column":19}},"5":{"start":{"line":23,"column":8},"end":{"line":35,"column":13}},"6":{"start":{"line":24,"column":12},"end":{"line":34,"column":13}},"7":{"start":{"line":25,"column":16},"end":{"line":28,"column":30}},"8":{"start":{"line":30,"column":16},"end":{"line":33,"column":27}},"9":{"start":{"line":37,"column":8},"end":{"line":39,"column":21}},"10":{"start":{"line":41,"column":8},"end":{"line":41,"column":54}},"11":{"start":{"line":43,"column":8},"end":{"line":43,"column":64}},"12":{"start":{"line":45,"column":8},"end":{"line":51,"column":9}},"13":{"start":{"line":46,"column":12},"end":{"line":46,"column":70}},"14":{"start":{"line":48,"column":12},"end":{"line":48,"column":35}},"15":{"start":{"line":49,"column":12},"end":{"line":49,"column":49}},"16":{"start":{"line":50,"column":12},"end":{"line":50,"column":43}}},"branchMap":{"1":{"line":25,"type":"binary-expr","locations":[{"start":{"line":25,"column":23},"end":{"line":25,"column":62}},{"start":{"line":26,"column":20},"end":{"line":26,"column":70}},{"start":{"line":27,"column":20},"end":{"line":27,"column":71}},{"start":{"line":28,"column":20},"end":{"line":28,"column":29}}]},"2":{"line":30,"type":"binary-expr","locations":[{"start":{"line":30,"column":23},"end":{"line":30,"column":37}},{"start":{"line":31,"column":20},"end":{"line":31,"column":61}},{"start":{"line":32,"column":20},"end":{"line":32,"column":70}},{"start":{"line":33,"column":20},"end":{"line":33,"column":26}}]},"3":{"line":37,"type":"cond-expr","locations":[{"start":{"line":38,"column":14},"end":{"line":38,"column":20}},{"start":{"line":39,"column":14},"end":{"line":39,"column":20}}]},"4":{"line":41,"type":"binary-expr","locations":[{"start":{"line":41,"column":16},"end":{"line":41,"column":44}},{"start":{"line":41,"column":48},"end":{"line":41,"column":53}}]},"5":{"line":45,"type":"if","locations":[{"start":{"line":45,"column":8},"end":{"line":45,"column":8}},{"start":{"line":45,"column":8},"end":{"line":45,"column":8}}]}},"code":["/* istanbul instrument in package npmtest_content_disposition */","/*jslint","    bitwise: true,","    browser: true,","    maxerr: 8,","    maxlen: 96,","    node: true,","    nomen: true,","    regexp: true,","    stupid: true","*/","(function () {","    'use strict';","    var local;","","","","    // run shared js-env code - init-before","    (function () {","        // init local","        local = {};","        // init modeJs","        local.modeJs = (function () {","            try {","                return typeof navigator.userAgent === 'string' &&","                    typeof document.querySelector('body') === 'object' &&","                    typeof XMLHttpRequest.prototype.open === 'function' &&","                    'browser';","            } catch (errorCaughtBrowser) {","                return module.exports &&","                    typeof process.versions.node === 'string' &&","                    typeof require('http').createServer === 'function' &&","                    'node';","            }","        }());","        // init global","        local.global = local.modeJs === 'browser'","            ? window","            : global;","        // init utility2_rollup","        local = local.global.utility2_rollup || local;","        // init lib","        local.local = local.npmtest_content_disposition = local;","        // init exports","        if (local.modeJs === 'browser') {","            local.global.utility2_npmtest_content_disposition = local;","        } else {","            module.exports = local;","            module.exports.__dirname = __dirname;","            module.exports.module = module;","        }","    }());","}());",""],"l":{"12":2,"14":2,"19":2,"21":2,"23":2,"24":2,"25":2,"30":1,"37":2,"41":2,"43":2,"45":2,"46":1,"48":1,"49":1,"50":1}},"/home/travis/build/npmtest/node-npmtest-content-disposition/example.js":{"path":"/home/travis/build/npmtest/node-npmtest-content-disposition/example.js","s":{"1":2,"2":2,"3":2,"4":2,"5":2,"6":2,"7":2,"8":1,"9":2,"10":2,"11":2,"12":2,"13":1,"14":2,"15":2,"16":2,"17":2,"18":2,"19":0,"20":2,"21":1,"22":1,"23":1,"24":1,"25":1,"26":0,"27":0,"28":1,"29":1,"30":2,"31":0,"32":0,"33":0,"34":1,"35":2,"36":2,"37":3,"38":3,"39":3,"40":3,"41":0,"42":3,"43":3,"44":3,"45":1,"46":3,"47":1,"48":1,"49":1,"50":1,"51":1,"52":1,"53":1,"54":1,"55":1,"56":1,"57":0,"58":1,"59":6,"60":6,"61":1,"62":2,"63":0,"64":2,"65":1,"66":1,"67":0,"68":0,"69":0,"70":0,"71":0,"72":0,"73":0,"74":0,"75":0,"76":0,"77":0,"78":0,"79":0,"80":0,"81":0,"82":0,"83":0},"b":{"1":[2,1,1,1],"2":[1,1,1,1],"3":[1,1],"4":[2,2],"5":[1,1],"6":[1,1],"7":[2,0],"8":[2,1,1,1,1,1],"9":[0,2,0],"10":[1,1],"11":[2,1,1],"12":[1,0],"13":[0,2],"14":[2,0,0,0,0,0,0],"15":[0,3],"16":[3,0],"17":[1,1],"18":[0,1],"19":[1,2,0,2],"20":[1,0],"21":[1,1],"22":[0,0],"23":[0,0],"24":[0,0],"25":[0,0],"26":[0,0],"27":[0,0],"28":[0,0]},"f":{"1":2,"2":2,"3":2,"4":2,"5":2,"6":2,"7":3,"8":3,"9":3,"10":1,"11":6,"12":0},"fnMap":{"1":{"name":"(anonymous_1)","line":26,"loc":{"start":{"line":26,"column":1},"end":{"line":26,"column":13}}},"2":{"name":"(anonymous_2)","line":33,"loc":{"start":{"line":33,"column":5},"end":{"line":33,"column":17}}},"3":{"name":"(anonymous_3)","line":37,"loc":{"start":{"line":37,"column":24},"end":{"line":37,"column":36}}},"4":{"name":"(anonymous_4)","line":69,"loc":{"start":{"line":69,"column":31},"end":{"line":69,"column":48}},"skip":true},"5":{"name":"(anonymous_5)","line":78,"loc":{"start":{"line":78,"column":26},"end":{"line":78,"column":45}},"skip":true},"6":{"name":"(anonymous_6)","line":123,"loc":{"start":{"line":123,"column":33},"end":{"line":123,"column":48}},"skip":true},"7":{"name":"(anonymous_7)","line":125,"loc":{"start":{"line":125,"column":27},"end":{"line":125,"column":39}},"skip":true},"8":{"name":"(anonymous_8)","line":133,"loc":{"start":{"line":133,"column":59},"end":{"line":133,"column":74}},"skip":true},"9":{"name":"(anonymous_9)","line":143,"loc":{"start":{"line":143,"column":45},"end":{"line":143,"column":62}},"skip":true},"10":{"name":"(anonymous_10)","line":144,"loc":{"start":{"line":144,"column":73},"end":{"line":144,"column":92}},"skip":true},"11":{"name":"(anonymous_11)","line":272,"loc":{"start":{"line":272,"column":51},"end":{"line":272,"column":77}},"skip":true},"12":{"name":"(anonymous_12)","line":315,"loc":{"start":{"line":315,"column":32},"end":{"line":315,"column":61}},"skip":true}},"statementMap":{"1":{"start":{"line":26,"column":0},"end":{"line":326,"column":5}},"2":{"start":{"line":28,"column":4},"end":{"line":28,"column":14}},"3":{"start":{"line":33,"column":4},"end":{"line":60,"column":9}},"4":{"start":{"line":35,"column":8},"end":{"line":35,"column":19}},"5":{"start":{"line":37,"column":8},"end":{"line":49,"column":13}},"6":{"start":{"line":38,"column":12},"end":{"line":48,"column":13}},"7":{"start":{"line":39,"column":16},"end":{"line":42,"column":30}},"8":{"start":{"line":44,"column":16},"end":{"line":47,"column":27}},"9":{"start":{"line":51,"column":8},"end":{"line":53,"column":21}},"10":{"start":{"line":55,"column":8},"end":{"line":57,"column":45}},"11":{"start":{"line":59,"column":8},"end":{"line":59,"column":35}},"12":{"start":{"line":61,"column":4},"end":{"line":325,"column":5}},"13":{"start":{"line":69,"column":8},"end":{"line":121,"column":10},"skip":true},"14":{"start":{"line":70,"column":12},"end":{"line":88,"column":13},"skip":true},"15":{"start":{"line":76,"column":16},"end":{"line":87,"column":19},"skip":true},"16":{"start":{"line":79,"column":20},"end":{"line":86,"column":21},"skip":true},"17":{"start":{"line":82,"column":24},"end":{"line":82,"column":43},"skip":true},"18":{"start":{"line":83,"column":24},"end":{"line":83,"column":30},"skip":true},"19":{"start":{"line":85,"column":24},"end":{"line":85,"column":49},"skip":true},"20":{"start":{"line":89,"column":12},"end":{"line":107,"column":13},"skip":true},"21":{"start":{"line":92,"column":16},"end":{"line":102,"column":17},"skip":true},"22":{"start":{"line":93,"column":20},"end":{"line":93,"column":86},"skip":true},"23":{"start":{"line":94,"column":20},"end":{"line":95,"column":45},"skip":true},"24":{"start":{"line":96,"column":20},"end":{"line":96,"column":42},"skip":true},"25":{"start":{"line":97,"column":20},"end":{"line":97,"column":48},"skip":true},"26":{"start":{"line":100,"column":20},"end":{"line":100,"column":85},"skip":true},"27":{"start":{"line":101,"column":20},"end":{"line":101,"column":96},"skip":true},"28":{"start":{"line":103,"column":16},"end":{"line":103,"column":22},"skip":true},"29":{"start":{"line":106,"column":16},"end":{"line":106,"column":22},"skip":true},"30":{"start":{"line":108,"column":12},"end":{"line":120,"column":13},"skip":true},"31":{"start":{"line":114,"column":16},"end":{"line":119,"column":17},"skip":true},"32":{"start":{"line":116,"column":20},"end":{"line":116,"column":78},"skip":true},"33":{"start":{"line":118,"column":20},"end":{"line":118,"column":47},"skip":true},"34":{"start":{"line":123,"column":8},"end":{"line":141,"column":11},"skip":true},"35":{"start":{"line":124,"column":12},"end":{"line":124,"column":54},"skip":true},"36":{"start":{"line":125,"column":12},"end":{"line":140,"column":14},"skip":true},"37":{"start":{"line":126,"column":16},"end":{"line":126,"column":28},"skip":true},"38":{"start":{"line":127,"column":16},"end":{"line":127,"column":69},"skip":true},"39":{"start":{"line":128,"column":16},"end":{"line":128,"column":75},"skip":true},"40":{"start":{"line":129,"column":16},"end":{"line":131,"column":17},"skip":true},"41":{"start":{"line":130,"column":20},"end":{"line":130,"column":27},"skip":true},"42":{"start":{"line":133,"column":16},"end":{"line":137,"column":36},"skip":true},"43":{"start":{"line":134,"column":20},"end":{"line":136,"column":55},"skip":true},"44":{"start":{"line":139,"column":16},"end":{"line":139,"column":57},"skip":true},"45":{"start":{"line":143,"column":8},"end":{"line":147,"column":11},"skip":true},"46":{"start":{"line":144,"column":12},"end":{"line":146,"column":15},"skip":true},"47":{"start":{"line":145,"column":16},"end":{"line":145,"column":70},"skip":true},"48":{"start":{"line":149,"column":8},"end":{"line":149,"column":31},"skip":true},"49":{"start":{"line":150,"column":8},"end":{"line":150,"column":14},"skip":true},"50":{"start":{"line":158,"column":8},"end":{"line":158,"column":31},"skip":true},"51":{"start":{"line":160,"column":8},"end":{"line":160,"column":33},"skip":true},"52":{"start":{"line":161,"column":8},"end":{"line":161,"column":37},"skip":true},"53":{"start":{"line":162,"column":8},"end":{"line":162,"column":35},"skip":true},"54":{"start":{"line":164,"column":8},"end":{"line":164,"column":50},"skip":true},"55":{"start":{"line":166,"column":8},"end":{"line":256,"column":2},"skip":true},"56":{"start":{"line":258,"column":8},"end":{"line":286,"column":9},"skip":true},"57":{"start":{"line":259,"column":12},"end":{"line":269,"column":14},"skip":true},"58":{"start":{"line":271,"column":12},"end":{"line":285,"column":19},"skip":true},"59":{"start":{"line":274,"column":20},"end":{"line":274,"column":35},"skip":true},"60":{"start":{"line":275,"column":20},"end":{"line":284,"column":21},"skip":true},"61":{"start":{"line":277,"column":24},"end":{"line":277,"column":64},"skip":true},"62":{"start":{"line":279,"column":24},"end":{"line":279,"column":40},"skip":true},"63":{"start":{"line":281,"column":24},"end":{"line":281,"column":40},"skip":true},"64":{"start":{"line":283,"column":24},"end":{"line":283,"column":39},"skip":true},"65":{"start":{"line":288,"column":8},"end":{"line":290,"column":9},"skip":true},"66":{"start":{"line":289,"column":12},"end":{"line":289,"column":18},"skip":true},"67":{"start":{"line":291,"column":8},"end":{"line":293,"column":54},"skip":true},"68":{"start":{"line":296,"column":8},"end":{"line":301,"column":37},"skip":true},"69":{"start":{"line":303,"column":8},"end":{"line":303,"column":82},"skip":true},"70":{"start":{"line":306,"column":8},"end":{"line":308,"column":9},"skip":true},"71":{"start":{"line":307,"column":12},"end":{"line":307,"column":82},"skip":true},"72":{"start":{"line":310,"column":8},"end":{"line":312,"column":9},"skip":true},"73":{"start":{"line":311,"column":12},"end":{"line":311,"column":18},"skip":true},"74":{"start":{"line":313,"column":8},"end":{"line":313,"column":54},"skip":true},"75":{"start":{"line":314,"column":8},"end":{"line":314,"column":69},"skip":true},"76":{"start":{"line":315,"column":8},"end":{"line":323,"column":36},"skip":true},"77":{"start":{"line":316,"column":12},"end":{"line":316,"column":61},"skip":true},"78":{"start":{"line":317,"column":12},"end":{"line":320,"column":13},"skip":true},"79":{"start":{"line":318,"column":16},"end":{"line":318,"column":75},"skip":true},"80":{"start":{"line":319,"column":16},"end":{"line":319,"column":23},"skip":true},"81":{"start":{"line":321,"column":12},"end":{"line":321,"column":38},"skip":true},"82":{"start":{"line":322,"column":12},"end":{"line":322,"column":27},"skip":true},"83":{"start":{"line":324,"column":8},"end":{"line":324,"column":14},"skip":true}},"branchMap":{"1":{"line":39,"type":"binary-expr","locations":[{"start":{"line":39,"column":23},"end":{"line":39,"column":62}},{"start":{"line":40,"column":20},"end":{"line":40,"column":70}},{"start":{"line":41,"column":20},"end":{"line":41,"column":71}},{"start":{"line":42,"column":20},"end":{"line":42,"column":29}}]},"2":{"line":44,"type":"binary-expr","locations":[{"start":{"line":44,"column":23},"end":{"line":44,"column":37}},{"start":{"line":45,"column":20},"end":{"line":45,"column":61}},{"start":{"line":46,"column":20},"end":{"line":46,"column":70}},{"start":{"line":47,"column":20},"end":{"line":47,"column":26}}]},"3":{"line":51,"type":"cond-expr","locations":[{"start":{"line":52,"column":14},"end":{"line":52,"column":20}},{"start":{"line":53,"column":14},"end":{"line":53,"column":20}}]},"4":{"line":55,"type":"binary-expr","locations":[{"start":{"line":55,"column":16},"end":{"line":55,"column":44}},{"start":{"line":55,"column":49},"end":{"line":57,"column":43}}]},"5":{"line":55,"type":"cond-expr","locations":[{"start":{"line":56,"column":14},"end":{"line":56,"column":63}},{"start":{"line":57,"column":14},"end":{"line":57,"column":43}}]},"6":{"line":61,"type":"switch","locations":[{"start":{"line":68,"column":4},"end":{"line":150,"column":14},"skip":true},{"start":{"line":156,"column":4},"end":{"line":324,"column":14},"skip":true}]},"7":{"line":70,"type":"if","locations":[{"start":{"line":70,"column":12},"end":{"line":70,"column":12},"skip":true},{"start":{"line":70,"column":12},"end":{"line":70,"column":12},"skip":true}]},"8":{"line":70,"type":"binary-expr","locations":[{"start":{"line":70,"column":16},"end":{"line":70,"column":22},"skip":true},{"start":{"line":70,"column":27},"end":{"line":70,"column":32},"skip":true},{"start":{"line":71,"column":20},"end":{"line":71,"column":39},"skip":true},{"start":{"line":72,"column":20},"end":{"line":72,"column":49},"skip":true},{"start":{"line":73,"column":20},"end":{"line":73,"column":58},"skip":true},{"start":{"line":74,"column":20},"end":{"line":74,"column":69},"skip":true}]},"9":{"line":79,"type":"switch","locations":[{"start":{"line":80,"column":20},"end":{"line":80,"column":33},"skip":true},{"start":{"line":81,"column":20},"end":{"line":83,"column":30},"skip":true},{"start":{"line":84,"column":20},"end":{"line":85,"column":49},"skip":true}]},"10":{"line":89,"type":"switch","locations":[{"start":{"line":90,"column":12},"end":{"line":103,"column":22},"skip":true},{"start":{"line":105,"column":12},"end":{"line":106,"column":22},"skip":true}]},"11":{"line":89,"type":"binary-expr","locations":[{"start":{"line":89,"column":20},"end":{"line":89,"column":25},"skip":true},{"start":{"line":89,"column":29},"end":{"line":89,"column":48},"skip":true},{"start":{"line":89,"column":52},"end":{"line":89,"column":74},"skip":true}]},"12":{"line":92,"type":"if","locations":[{"start":{"line":92,"column":16},"end":{"line":92,"column":16},"skip":true},{"start":{"line":92,"column":16},"end":{"line":92,"column":16},"skip":true}]},"13":{"line":108,"type":"if","locations":[{"start":{"line":108,"column":12},"end":{"line":108,"column":12},"skip":true},{"start":{"line":108,"column":12},"end":{"line":108,"column":12},"skip":true}]},"14":{"line":108,"type":"binary-expr","locations":[{"start":{"line":108,"column":16},"end":{"line":108,"column":61},"skip":true},{"start":{"line":108,"column":66},"end":{"line":108,"column":72},"skip":true},{"start":{"line":108,"column":77},"end":{"line":108,"column":82},"skip":true},{"start":{"line":109,"column":20},"end":{"line":109,"column":39},"skip":true},{"start":{"line":110,"column":20},"end":{"line":110,"column":49},"skip":true},{"start":{"line":111,"column":20},"end":{"line":111,"column":58},"skip":true},{"start":{"line":112,"column":20},"end":{"line":112,"column":68},"skip":true}]},"15":{"line":129,"type":"if","locations":[{"start":{"line":129,"column":16},"end":{"line":129,"column":16},"skip":true},{"start":{"line":129,"column":16},"end":{"line":129,"column":16},"skip":true}]},"16":{"line":134,"type":"cond-expr","locations":[{"start":{"line":135,"column":26},"end":{"line":135,"column":29},"skip":true},{"start":{"line":136,"column":26},"end":{"line":136,"column":54},"skip":true}]},"17":{"line":164,"type":"binary-expr","locations":[{"start":{"line":164,"column":27},"end":{"line":164,"column":43},"skip":true},{"start":{"line":164,"column":47},"end":{"line":164,"column":49},"skip":true}]},"18":{"line":258,"type":"if","locations":[{"start":{"line":258,"column":8},"end":{"line":258,"column":8},"skip":true},{"start":{"line":258,"column":8},"end":{"line":258,"column":8},"skip":true}]},"19":{"line":275,"type":"switch","locations":[{"start":{"line":276,"column":20},"end":{"line":277,"column":64},"skip":true},{"start":{"line":278,"column":20},"end":{"line":279,"column":40},"skip":true},{"start":{"line":280,"column":20},"end":{"line":281,"column":40},"skip":true},{"start":{"line":282,"column":20},"end":{"line":283,"column":39},"skip":true}]},"20":{"line":288,"type":"if","locations":[{"start":{"line":288,"column":8},"end":{"line":288,"column":8},"skip":true},{"start":{"line":288,"column":8},"end":{"line":288,"column":8},"skip":true}]},"21":{"line":288,"type":"binary-expr","locations":[{"start":{"line":288,"column":12},"end":{"line":288,"column":40},"skip":true},{"start":{"line":288,"column":44},"end":{"line":288,"column":67},"skip":true}]},"22":{"line":292,"type":"binary-expr","locations":[{"start":{"line":292,"column":12},"end":{"line":292,"column":50},"skip":true},{"start":{"line":293,"column":12},"end":{"line":293,"column":53},"skip":true}]},"23":{"line":297,"type":"binary-expr","locations":[{"start":{"line":297,"column":12},"end":{"line":297,"column":77},"skip":true},{"start":{"line":298,"column":12},"end":{"line":301,"column":36},"skip":true}]},"24":{"line":303,"type":"binary-expr","locations":[{"start":{"line":303,"column":43},"end":{"line":303,"column":75},"skip":true},{"start":{"line":303,"column":79},"end":{"line":303,"column":81},"skip":true}]},"25":{"line":306,"type":"if","locations":[{"start":{"line":306,"column":8},"end":{"line":306,"column":8},"skip":true},{"start":{"line":306,"column":8},"end":{"line":306,"column":8},"skip":true}]},"26":{"line":310,"type":"if","locations":[{"start":{"line":310,"column":8},"end":{"line":310,"column":8},"skip":true},{"start":{"line":310,"column":8},"end":{"line":310,"column":8},"skip":true}]},"27":{"line":313,"type":"binary-expr","locations":[{"start":{"line":313,"column":27},"end":{"line":313,"column":43},"skip":true},{"start":{"line":313,"column":47},"end":{"line":313,"column":53},"skip":true}]},"28":{"line":317,"type":"if","locations":[{"start":{"line":317,"column":12},"end":{"line":317,"column":12},"skip":true},{"start":{"line":317,"column":12},"end":{"line":317,"column":12},"skip":true}]}},"code":["/*","example.js","","quickstart example","","instruction","    1. save this script as example.js","    2. run the shell command:","        $ npm install npmtest-content-disposition && PORT=8081 node example.js","    3. play with the browser-demo on http://127.0.0.1:8081","*/","","","","/* istanbul instrument in package npmtest_content_disposition */","/*jslint","    bitwise: true,","    browser: true,","    maxerr: 8,","    maxlen: 96,","    node: true,","    nomen: true,","    regexp: true,","    stupid: true","*/","(function () {","    'use strict';","    var local;","","","","    // run shared js-env code - init-before","    (function () {","        // init local","        local = {};","        // init modeJs","        local.modeJs = (function () {","            try {","                return typeof navigator.userAgent === 'string' &&","                    typeof document.querySelector('body') === 'object' &&","                    typeof XMLHttpRequest.prototype.open === 'function' &&","                    'browser';","            } catch (errorCaughtBrowser) {","                return module.exports &&","                    typeof process.versions.node === 'string' &&","                    typeof require('http').createServer === 'function' &&","                    'node';","            }","        }());","        // init global","        local.global = local.modeJs === 'browser'","            ? window","            : global;","        // init utility2_rollup","        local = local.global.utility2_rollup || (local.modeJs === 'browser'","            ? local.global.utility2_npmtest_content_disposition","            : global.utility2_moduleExports);","        // export local","        local.global.local = local;","    }());","    switch (local.modeJs) {","","","","    // init-after","    // run browser js-env code - init-after","    /* istanbul ignore next */","    case 'browser':","        local.testRunBrowser = function (event) {","            if (!event || (event &&","                    event.currentTarget &&","                    event.currentTarget.className &&","                    event.currentTarget.className.includes &&","                    event.currentTarget.className.includes('onreset'))) {","                // reset output","                Array.from(","                    document.querySelectorAll('body > .resettable')","                ).forEach(function (element) {","                    switch (element.tagName) {","                    case 'INPUT':","                    case 'TEXTAREA':","                        element.value = '';","                        break;","                    default:","                        element.textContent = '';","                    }","                });","            }","            switch (event && event.currentTarget && event.currentTarget.id) {","            case 'testRunButton1':","                // show tests","                if (document.querySelector('#testReportDiv1').style.display === 'none') {","                    document.querySelector('#testReportDiv1').style.display = 'block';","                    document.querySelector('#testRunButton1').textContent =","                        'hide internal test';","                    local.modeTest = true;","                    local.testRunDefault(local);","                // hide tests","                } else {","                    document.querySelector('#testReportDiv1').style.display = 'none';","                    document.querySelector('#testRunButton1').textContent = 'run internal test';","                }","                break;","            // custom-case","            default:","                break;","            }","            if (document.querySelector('#inputTextareaEval1') && (!event || (event &&","                    event.currentTarget &&","                    event.currentTarget.className &&","                    event.currentTarget.className.includes &&","                    event.currentTarget.className.includes('oneval')))) {","                // try to eval input-code","                try {","                    /*jslint evil: true*/","                    eval(document.querySelector('#inputTextareaEval1').value);","                } catch (errorCaught) {","                    console.error(errorCaught);","                }","            }","        };","        // log stderr and stdout to #outputTextareaStdout1","        ['error', 'log'].forEach(function (key) {","            console[key + '_original'] = console[key];","            console[key] = function () {","                var element;","                console[key + '_original'].apply(console, arguments);","                element = document.querySelector('#outputTextareaStdout1');","                if (!element) {","                    return;","                }","                // append text to #outputTextareaStdout1","                element.value += Array.from(arguments).map(function (arg) {","                    return typeof arg === 'string'","                        ? arg","                        : JSON.stringify(arg, null, 4);","                }).join(' ') + '\\n';","                // scroll textarea to bottom","                element.scrollTop = element.scrollHeight;","            };","        });","        // init event-handling","        ['change', 'click', 'keyup'].forEach(function (event) {","            Array.from(document.querySelectorAll('.on' + event)).forEach(function (element) {","                element.addEventListener(event, local.testRunBrowser);","            });","        });","        // run tests","        local.testRunBrowser();","        break;","","","","    // run node js-env code - init-after","    /* istanbul ignore next */","    case 'node':","        // export local","        module.exports = local;","        // require modules","        local.fs = require('fs');","        local.http = require('http');","        local.url = require('url');","        // init assets","        local.assetsDict = local.assetsDict || {};","        /* jslint-ignore-begin */","        local.assetsDict['/assets.index.template.html'] = '\\","<!doctype html>\\n\\","<html lang=\"en\">\\n\\","<head>\\n\\","<meta charset=\"UTF-8\">\\n\\","<meta name=\"viewport\" content=\"width=device-width, initial-scale=1\">\\n\\","<title>{{env.npm_package_name}} (v{{env.npm_package_version}})</title>\\n\\","<style>\\n\\","/*csslint\\n\\","    box-sizing: false,\\n\\","    universal-selector: false\\n\\","*/\\n\\","* {\\n\\","    box-sizing: border-box;\\n\\","}\\n\\","body {\\n\\","    background: #dde;\\n\\","    font-family: Arial, Helvetica, sans-serif;\\n\\","    margin: 2rem;\\n\\","}\\n\\","body > * {\\n\\","    margin-bottom: 1rem;\\n\\","}\\n\\",".utility2FooterDiv {\\n\\","    margin-top: 20px;\\n\\","    text-align: center;\\n\\","}\\n\\","</style>\\n\\","<style>\\n\\","/*csslint\\n\\","*/\\n\\","textarea {\\n\\","    font-family: monospace;\\n\\","    height: 10rem;\\n\\","    width: 100%;\\n\\","}\\n\\","textarea[readonly] {\\n\\","    background: #ddd;\\n\\","}\\n\\","</style>\\n\\","</head>\\n\\","<body>\\n\\","<!-- utility2-comment\\n\\","<div id=\"ajaxProgressDiv1\" style=\"background: #d00; height: 2px; left: 0; margin: 0; padding: 0; position: fixed; top: 0; transition: background 0.5s, width 1.5s; width: 25%;\"></div>\\n\\","utility2-comment -->\\n\\","<h1>\\n\\","<!-- utility2-comment\\n\\","    <a\\n\\","        {{#if env.npm_package_homepage}}\\n\\","        href=\"{{env.npm_package_homepage}}\"\\n\\","        {{/if env.npm_package_homepage}}\\n\\","        target=\"_blank\"\\n\\","    >\\n\\","utility2-comment -->\\n\\","        {{env.npm_package_name}} (v{{env.npm_package_version}})\\n\\","<!-- utility2-comment\\n\\","    </a>\\n\\","utility2-comment -->\\n\\","</h1>\\n\\","<h3>{{env.npm_package_description}}</h3>\\n\\","<!-- utility2-comment\\n\\","<h4><a download href=\"assets.app.js\">download standalone app</a></h4>\\n\\","<button class=\"onclick onreset\" id=\"testRunButton1\">run internal test</button><br>\\n\\","<div id=\"testReportDiv1\" style=\"display: none;\"></div>\\n\\","utility2-comment -->\\n\\","\\n\\","\\n\\","\\n\\","<label>stderr and stdout</label>\\n\\","<textarea class=\"resettable\" id=\"outputTextareaStdout1\" readonly></textarea>\\n\\","<!-- utility2-comment\\n\\","{{#if isRollup}}\\n\\","<script src=\"assets.app.js\"></script>\\n\\","{{#unless isRollup}}\\n\\","utility2-comment -->\\n\\","<script src=\"assets.utility2.rollup.js\"></script>\\n\\","<script src=\"jsonp.utility2._stateInit?callback=window.utility2._stateInit\"></script>\\n\\","<script src=\"assets.npmtest_content_disposition.rollup.js\"></script>\\n\\","<script src=\"assets.example.js\"></script>\\n\\","<script src=\"assets.test.js\"></script>\\n\\","<!-- utility2-comment\\n\\","{{/if isRollup}}\\n\\","utility2-comment -->\\n\\","<div class=\"utility2FooterDiv\">\\n\\","    [ this app was created with\\n\\","    <a href=\"https://github.com/kaizhu256/node-utility2\" target=\"_blank\">utility2</a>\\n\\","    ]\\n\\","</div>\\n\\","</body>\\n\\","</html>\\n\\","';","        /* jslint-ignore-end */","        if (local.templateRender) {","            local.assetsDict['/'] = local.templateRender(","                local.assetsDict['/assets.index.template.html'],","                {","                    env: local.objectSetDefault(local.env, {","                        npm_package_description: 'the greatest app in the world!',","                        npm_package_name: 'my-app',","                        npm_package_nameAlias: 'my_app',","                        npm_package_version: '0.0.1'","                    })","                }","            );","        } else {","            local.assetsDict['/'] = local.assetsDict['/assets.index.template.html']","                .replace((/\\{\\{env\\.(\\w+?)\\}\\}/g), function (match0, match1) {","                    // jslint-hack","                    String(match0);","                    switch (match1) {","                    case 'npm_package_description':","                        return 'the greatest app in the world!';","                    case 'npm_package_name':","                        return 'my-app';","                    case 'npm_package_nameAlias':","                        return 'my_app';","                    case 'npm_package_version':","                        return '0.0.1';","                    }","                });","        }","        // run the cli","        if (local.global.utility2_rollup || module !== require.main) {","            break;","        }","        local.assetsDict['/assets.example.js'] =","            local.assetsDict['/assets.example.js'] ||","            local.fs.readFileSync(__filename, 'utf8');","        // bug-workaround - long $npm_package_buildCustomOrg","        /* jslint-ignore-begin */","        local.assetsDict['/assets.npmtest_content_disposition.rollup.js'] =","            local.assetsDict['/assets.npmtest_content_disposition.rollup.js'] ||","            local.fs.readFileSync(","                local.npmtest_content_disposition.__dirname + '/lib.npmtest_content_disposition.js',","                'utf8'","            ).replace((/^#!/), '//');","        /* jslint-ignore-end */","        local.assetsDict['/favicon.ico'] = local.assetsDict['/favicon.ico'] || '';","        // if $npm_config_timeout_exit exists,","        // then exit this process after $npm_config_timeout_exit ms","        if (Number(process.env.npm_config_timeout_exit)) {","            setTimeout(process.exit, Number(process.env.npm_config_timeout_exit));","        }","        // start server","        if (local.global.utility2_serverHttp1) {","            break;","        }","        process.env.PORT = process.env.PORT || '8081';","        console.error('server starting on port ' + process.env.PORT);","        local.http.createServer(function (request, response) {","            request.urlParsed = local.url.parse(request.url);","            if (local.assetsDict[request.urlParsed.pathname] !== undefined) {","                response.end(local.assetsDict[request.urlParsed.pathname]);","                return;","            }","            response.statusCode = 404;","            response.end();","        }).listen(process.env.PORT);","        break;","    }","}());",""],"l":{"26":2,"28":2,"33":2,"35":2,"37":2,"38":2,"39":2,"44":1,"51":2,"55":2,"59":2,"61":2,"69":1,"70":2,"76":2,"79":2,"82":2,"83":2,"85":1,"89":2,"92":1,"93":1,"94":1,"96":1,"97":1,"100":1,"101":1,"103":1,"106":1,"108":2,"114":1,"116":1,"118":1,"123":1,"124":2,"125":2,"126":3,"127":3,"128":3,"129":3,"130":1,"133":3,"134":3,"139":3,"143":1,"144":3,"145":1,"149":1,"150":1,"158":1,"160":1,"161":1,"162":1,"164":1,"166":1,"258":1,"259":1,"271":1,"274":6,"275":6,"277":1,"279":2,"281":1,"283":2,"288":1,"289":1,"291":1,"296":1,"303":1,"306":1,"307":1,"310":1,"311":1,"313":1,"314":1,"315":1,"316":1,"317":1,"318":1,"319":1,"321":1,"322":1,"324":1}},"/home/travis/build/npmtest/node-npmtest-content-disposition/node_modules/content-disposition/index.js":{"path":"/home/travis/build/npmtest/node-npmtest-content-disposition/node_modules/content-disposition/index.js","s":{"1":1,"2":1,"3":1,"4":1,"5":1,"6":1,"7":1,"8":1,"9":1,"10":1,"11":1,"12":1,"13":1,"14":1,"15":1,"16":0,"17":0,"18":0,"19":0,"20":1,"21":0,"22":0,"23":0,"24":0,"25":0,"26":0,"27":0,"28":0,"29":0,"30":0,"31":0,"32":0,"33":0,"34":0,"35":0,"36":0,"37":0,"38":0,"39":0,"40":0,"41":1,"42":0,"43":0,"44":0,"45":0,"46":0,"47":0,"48":0,"49":0,"50":0,"51":0,"52":0,"53":0,"54":0,"55":1,"56":0,"57":0,"58":0,"59":0,"60":0,"61":0,"62":0,"63":0,"64":0,"65":0,"66":0,"67":0,"68":0,"69":0,"70":1,"71":0,"72":1,"73":0,"74":0,"75":0,"76":0,"77":0,"78":0,"79":0,"80":0,"81":0,"82":0,"83":0,"84":0,"85":0,"86":0,"87":0,"88":0,"89":0,"90":0,"91":0,"92":0,"93":0,"94":0,"95":0,"96":0,"97":0,"98":0,"99":0,"100":0,"101":0,"102":0,"103":0,"104":0,"105":0,"106":0,"107":1,"108":0,"109":1,"110":0,"111":0,"112":1,"113":0,"114":0,"115":1,"116":0,"117":0,"118":0,"119":1,"120":0,"121":0},"b":{"1":[0,0],"2":[0,0],"3":[0,0],"4":[0,0],"5":[0,0],"6":[0,0],"7":[0,0],"8":[0,0],"9":[0,0],"10":[0,0],"11":[0,0],"12":[0,0],"13":[0,0],"14":[0,0,0],"15":[0,0],"16":[0,0],"17":[0,0],"18":[0,0],"19":[0,0,0],"20":[0,0],"21":[0,0],"22":[0,0],"23":[0,0],"24":[0,0,0],"25":[0,0],"26":[0,0],"27":[0,0],"28":[0,0],"29":[0,0],"30":[0,0],"31":[0,0],"32":[0,0],"33":[0,0],"34":[0,0],"35":[0,0],"36":[0,0]},"f":{"1":0,"2":0,"3":0,"4":0,"5":0,"6":0,"7":0,"8":0,"9":0,"10":0,"11":0},"fnMap":{"1":{"name":"contentDisposition","line":133,"loc":{"start":{"line":133,"column":0},"end":{"line":133,"column":48}}},"2":{"name":"createparams","line":155,"loc":{"start":{"line":155,"column":0},"end":{"line":155,"column":43}}},"3":{"name":"format","line":216,"loc":{"start":{"line":216,"column":0},"end":{"line":216,"column":22}}},"4":{"name":"decodefield","line":254,"loc":{"start":{"line":254,"column":0},"end":{"line":254,"column":27}}},"5":{"name":"getlatin1","line":290,"loc":{"start":{"line":290,"column":0},"end":{"line":290,"column":25}}},"6":{"name":"parse","line":303,"loc":{"start":{"line":303,"column":0},"end":{"line":303,"column":24}}},"7":{"name":"pdecode","line":384,"loc":{"start":{"line":384,"column":0},"end":{"line":384,"column":28}}},"8":{"name":"pencode","line":396,"loc":{"start":{"line":396,"column":0},"end":{"line":396,"column":24}}},"9":{"name":"qstring","line":414,"loc":{"start":{"line":414,"column":0},"end":{"line":414,"column":23}}},"10":{"name":"ustring","line":428,"loc":{"start":{"line":428,"column":0},"end":{"line":428,"column":23}}},"11":{"name":"ContentDisposition","line":442,"loc":{"start":{"line":442,"column":0},"end":{"line":442,"column":47}}}},"statementMap":{"1":{"start":{"line":13,"column":0},"end":{"line":13,"column":35}},"2":{"start":{"line":14,"column":0},"end":{"line":14,"column":28}},"3":{"start":{"line":20,"column":0},"end":{"line":20,"column":39}},"4":{"start":{"line":26,"column":0},"end":{"line":26,"column":73}},"5":{"start":{"line":32,"column":0},"end":{"line":32,"column":41}},"6":{"start":{"line":33,"column":0},"end":{"line":33,"column":52}},"7":{"start":{"line":39,"column":0},"end":{"line":39,"column":48}},"8":{"start":{"line":48,"column":0},"end":{"line":48,"column":40}},"9":{"start":{"line":54,"column":0},"end":{"line":54,"column":29}},"10":{"start":{"line":80,"column":0},"end":{"line":80,"column":182}},"11":{"start":{"line":81,"column":0},"end":{"line":81,"column":43}},"12":{"start":{"line":82,"column":0},"end":{"line":82,"column":50}},"13":{"start":{"line":105,"column":0},"end":{"line":105,"column":156}},"14":{"start":{"line":120,"column":0},"end":{"line":120,"column":80}},"15":{"start":{"line":133,"column":0},"end":{"line":144,"column":1}},"16":{"start":{"line":134,"column":2},"end":{"line":134,"column":26}},"17":{"start":{"line":137,"column":2},"end":{"line":137,"column":38}},"18":{"start":{"line":140,"column":2},"end":{"line":140,"column":52}},"19":{"start":{"line":143,"column":2},"end":{"line":143,"column":53}},"20":{"start":{"line":155,"column":0},"end":{"line":204,"column":1}},"21":{"start":{"line":156,"column":2},"end":{"line":158,"column":3}},"22":{"start":{"line":157,"column":4},"end":{"line":157,"column":10}},"23":{"start":{"line":160,"column":2},"end":{"line":160,"column":17}},"24":{"start":{"line":162,"column":2},"end":{"line":164,"column":3}},"25":{"start":{"line":163,"column":4},"end":{"line":163,"column":52}},"26":{"start":{"line":167,"column":2},"end":{"line":169,"column":3}},"27":{"start":{"line":168,"column":4},"end":{"line":168,"column":19}},"28":{"start":{"line":171,"column":2},"end":{"line":173,"column":3}},"29":{"start":{"line":172,"column":4},"end":{"line":172,"column":63}},"30":{"start":{"line":175,"column":2},"end":{"line":177,"column":3}},"31":{"start":{"line":176,"column":4},"end":{"line":176,"column":61}},"32":{"start":{"line":180,"column":2},"end":{"line":180,"column":31}},"33":{"start":{"line":183,"column":2},"end":{"line":183,"column":45}},"34":{"start":{"line":186,"column":2},"end":{"line":188,"column":24}},"35":{"start":{"line":189,"column":2},"end":{"line":189,"column":77}},"36":{"start":{"line":192,"column":2},"end":{"line":194,"column":3}},"37":{"start":{"line":193,"column":4},"end":{"line":193,"column":30}},"38":{"start":{"line":197,"column":2},"end":{"line":201,"column":3}},"39":{"start":{"line":198,"column":4},"end":{"line":200,"column":12}},"40":{"start":{"line":203,"column":2},"end":{"line":203,"column":15}},"41":{"start":{"line":216,"column":0},"end":{"line":244,"column":1}},"42":{"start":{"line":217,"column":2},"end":{"line":217,"column":33}},"43":{"start":{"line":218,"column":2},"end":{"line":218,"column":21}},"44":{"start":{"line":220,"column":2},"end":{"line":222,"column":3}},"45":{"start":{"line":221,"column":4},"end":{"line":221,"column":39}},"46":{"start":{"line":225,"column":2},"end":{"line":225,"column":41}},"47":{"start":{"line":228,"column":2},"end":{"line":241,"column":3}},"48":{"start":{"line":229,"column":4},"end":{"line":229,"column":13}},"49":{"start":{"line":230,"column":4},"end":{"line":230,"column":47}},"50":{"start":{"line":232,"column":4},"end":{"line":240,"column":5}},"51":{"start":{"line":233,"column":6},"end":{"line":233,"column":23}},"52":{"start":{"line":235,"column":6},"end":{"line":237,"column":36}},"53":{"start":{"line":239,"column":6},"end":{"line":239,"column":40}},"54":{"start":{"line":243,"column":2},"end":{"line":243,"column":15}},"55":{"start":{"line":254,"column":0},"end":{"line":280,"column":1}},"56":{"start":{"line":255,"column":2},"end":{"line":255,"column":40}},"57":{"start":{"line":257,"column":2},"end":{"line":259,"column":3}},"58":{"start":{"line":258,"column":4},"end":{"line":258,"column":55}},"59":{"start":{"line":261,"column":2},"end":{"line":261,"column":38}},"60":{"start":{"line":262,"column":2},"end":{"line":262,"column":24}},"61":{"start":{"line":263,"column":2},"end":{"line":263,"column":11}},"62":{"start":{"line":266,"column":2},"end":{"line":266,"column":66}},"63":{"start":{"line":268,"column":2},"end":{"line":277,"column":3}},"64":{"start":{"line":270,"column":6},"end":{"line":270,"column":31}},"65":{"start":{"line":271,"column":6},"end":{"line":271,"column":11}},"66":{"start":{"line":273,"column":6},"end":{"line":273,"column":59}},"67":{"start":{"line":274,"column":6},"end":{"line":274,"column":11}},"68":{"start":{"line":276,"column":6},"end":{"line":276,"column":66}},"69":{"start":{"line":279,"column":2},"end":{"line":279,"column":14}},"70":{"start":{"line":290,"column":0},"end":{"line":293,"column":1}},"71":{"start":{"line":292,"column":2},"end":{"line":292,"column":52}},"72":{"start":{"line":303,"column":0},"end":{"line":373,"column":1}},"73":{"start":{"line":304,"column":2},"end":{"line":306,"column":3}},"74":{"start":{"line":305,"column":4},"end":{"line":305,"column":54}},"75":{"start":{"line":308,"column":2},"end":{"line":308,"column":50}},"76":{"start":{"line":310,"column":2},"end":{"line":312,"column":3}},"77":{"start":{"line":311,"column":4},"end":{"line":311,"column":46}},"78":{"start":{"line":315,"column":2},"end":{"line":315,"column":29}},"79":{"start":{"line":316,"column":2},"end":{"line":316,"column":35}},"80":{"start":{"line":318,"column":2},"end":{"line":318,"column":9}},"81":{"start":{"line":319,"column":2},"end":{"line":319,"column":16}},"82":{"start":{"line":320,"column":2},"end":{"line":320,"column":17}},"83":{"start":{"line":321,"column":2},"end":{"line":321,"column":11}},"84":{"start":{"line":324,"column":2},"end":{"line":326,"column":11}},"85":{"start":{"line":329,"column":2},"end":{"line":366,"column":3}},"86":{"start":{"line":330,"column":4},"end":{"line":332,"column":5}},"87":{"start":{"line":331,"column":6},"end":{"line":331,"column":53}},"88":{"start":{"line":334,"column":4},"end":{"line":334,"column":28}},"89":{"start":{"line":335,"column":4},"end":{"line":335,"column":32}},"90":{"start":{"line":336,"column":4},"end":{"line":336,"column":20}},"91":{"start":{"line":338,"column":4},"end":{"line":340,"column":5}},"92":{"start":{"line":339,"column":6},"end":{"line":339,"column":56}},"93":{"start":{"line":342,"column":4},"end":{"line":342,"column":19}},"94":{"start":{"line":344,"column":4},"end":{"line":352,"column":5}},"95":{"start":{"line":346,"column":6},"end":{"line":346,"column":28}},"96":{"start":{"line":347,"column":6},"end":{"line":347,"column":32}},"97":{"start":{"line":350,"column":6},"end":{"line":350,"column":25}},"98":{"start":{"line":351,"column":6},"end":{"line":351,"column":14}},"99":{"start":{"line":354,"column":4},"end":{"line":356,"column":5}},"100":{"start":{"line":355,"column":6},"end":{"line":355,"column":14}},"101":{"start":{"line":358,"column":4},"end":{"line":363,"column":5}},"102":{"start":{"line":360,"column":6},"end":{"line":362,"column":35}},"103":{"start":{"line":365,"column":4},"end":{"line":365,"column":23}},"104":{"start":{"line":368,"column":2},"end":{"line":370,"column":3}},"105":{"start":{"line":369,"column":4},"end":{"line":369,"column":51}},"106":{"start":{"line":372,"column":2},"end":{"line":372,"column":45}},"107":{"start":{"line":384,"column":0},"end":{"line":386,"column":1}},"108":{"start":{"line":385,"column":2},"end":{"line":385,"column":47}},"109":{"start":{"line":396,"column":0},"end":{"line":404,"column":1}},"110":{"start":{"line":397,"column":2},"end":{"line":400,"column":18}},"111":{"start":{"line":401,"column":2},"end":{"line":403,"column":15}},"112":{"start":{"line":414,"column":0},"end":{"line":418,"column":1}},"113":{"start":{"line":415,"column":2},"end":{"line":415,"column":23}},"114":{"start":{"line":417,"column":2},"end":{"line":417,"column":54}},"115":{"start":{"line":428,"column":0},"end":{"line":436,"column":1}},"116":{"start":{"line":429,"column":2},"end":{"line":429,"column":23}},"117":{"start":{"line":432,"column":2},"end":{"line":433,"column":50}},"118":{"start":{"line":435,"column":2},"end":{"line":435,"column":30}},"119":{"start":{"line":442,"column":0},"end":{"line":445,"column":1}},"120":{"start":{"line":443,"column":2},"end":{"line":443,"column":18}},"121":{"start":{"line":444,"column":2},"end":{"line":444,"column":30}}},"branchMap":{"1":{"line":134,"type":"binary-expr","locations":[{"start":{"line":134,"column":13},"end":{"line":134,"column":20}},{"start":{"line":134,"column":24},"end":{"line":134,"column":26}}]},"2":{"line":137,"type":"binary-expr","locations":[{"start":{"line":137,"column":13},"end":{"line":137,"column":22}},{"start":{"line":137,"column":26},"end":{"line":137,"column":38}}]},"3":{"line":156,"type":"if","locations":[{"start":{"line":156,"column":2},"end":{"line":156,"column":2}},{"start":{"line":156,"column":2},"end":{"line":156,"column":2}}]},"4":{"line":162,"type":"if","locations":[{"start":{"line":162,"column":2},"end":{"line":162,"column":2}},{"start":{"line":162,"column":2},"end":{"line":162,"column":2}}]},"5":{"line":167,"type":"if","locations":[{"start":{"line":167,"column":2},"end":{"line":167,"column":2}},{"start":{"line":167,"column":2},"end":{"line":167,"column":2}}]},"6":{"line":171,"type":"if","locations":[{"start":{"line":171,"column":2},"end":{"line":171,"column":2}},{"start":{"line":171,"column":2},"end":{"line":171,"column":2}}]},"7":{"line":171,"type":"binary-expr","locations":[{"start":{"line":171,"column":6},"end":{"line":171,"column":34}},{"start":{"line":171,"column":38},"end":{"line":171,"column":67}}]},"8":{"line":175,"type":"if","locations":[{"start":{"line":175,"column":2},"end":{"line":175,"column":2}},{"start":{"line":175,"column":2},"end":{"line":175,"column":2}}]},"9":{"line":175,"type":"binary-expr","locations":[{"start":{"line":175,"column":6},"end":{"line":175,"column":34}},{"start":{"line":175,"column":38},"end":{"line":175,"column":70}}]},"10":{"line":186,"type":"cond-expr","locations":[{"start":{"line":187,"column":6},"end":{"line":187,"column":33}},{"start":{"line":188,"column":6},"end":{"line":188,"column":24}}]},"11":{"line":187,"type":"binary-expr","locations":[{"start":{"line":187,"column":6},"end":{"line":187,"column":14}},{"start":{"line":187,"column":18},"end":{"line":187,"column":33}}]},"12":{"line":189,"type":"binary-expr","locations":[{"start":{"line":189,"column":20},"end":{"line":189,"column":52}},{"start":{"line":189,"column":56},"end":{"line":189,"column":77}}]},"13":{"line":192,"type":"if","locations":[{"start":{"line":192,"column":2},"end":{"line":192,"column":2}},{"start":{"line":192,"column":2},"end":{"line":192,"column":2}}]},"14":{"line":192,"type":"binary-expr","locations":[{"start":{"line":192,"column":6},"end":{"line":192,"column":17}},{"start":{"line":192,"column":21},"end":{"line":192,"column":36}},{"start":{"line":192,"column":40},"end":{"line":192,"column":68}}]},"15":{"line":197,"type":"if","locations":[{"start":{"line":197,"column":2},"end":{"line":197,"column":2}},{"start":{"line":197,"column":2},"end":{"line":197,"column":2}}]},"16":{"line":197,"type":"binary-expr","locations":[{"start":{"line":197,"column":6},"end":{"line":197,"column":20}},{"start":{"line":197,"column":24},"end":{"line":197,"column":35}}]},"17":{"line":198,"type":"cond-expr","locations":[{"start":{"line":199,"column":8},"end":{"line":199,"column":20}},{"start":{"line":200,"column":8},"end":{"line":200,"column":12}}]},"18":{"line":220,"type":"if","locations":[{"start":{"line":220,"column":2},"end":{"line":220,"column":2}},{"start":{"line":220,"column":2},"end":{"line":220,"column":2}}]},"19":{"line":220,"type":"binary-expr","locations":[{"start":{"line":220,"column":6},"end":{"line":220,"column":11}},{"start":{"line":220,"column":15},"end":{"line":220,"column":39}},{"start":{"line":220,"column":43},"end":{"line":220,"column":67}}]},"20":{"line":228,"type":"if","locations":[{"start":{"line":228,"column":2},"end":{"line":228,"column":2}},{"start":{"line":228,"column":2},"end":{"line":228,"column":2}}]},"21":{"line":228,"type":"binary-expr","locations":[{"start":{"line":228,"column":6},"end":{"line":228,"column":16}},{"start":{"line":228,"column":20},"end":{"line":228,"column":50}}]},"22":{"line":235,"type":"cond-expr","locations":[{"start":{"line":236,"column":10},"end":{"line":236,"column":36}},{"start":{"line":237,"column":10},"end":{"line":237,"column":36}}]},"23":{"line":257,"type":"if","locations":[{"start":{"line":257,"column":2},"end":{"line":257,"column":2}},{"start":{"line":257,"column":2},"end":{"line":257,"column":2}}]},"24":{"line":268,"type":"switch","locations":[{"start":{"line":269,"column":4},"end":{"line":271,"column":11}},{"start":{"line":272,"column":4},"end":{"line":274,"column":11}},{"start":{"line":275,"column":4},"end":{"line":276,"column":66}}]},"25":{"line":304,"type":"if","locations":[{"start":{"line":304,"column":2},"end":{"line":304,"column":2}},{"start":{"line":304,"column":2},"end":{"line":304,"column":2}}]},"26":{"line":304,"type":"binary-expr","locations":[{"start":{"line":304,"column":6},"end":{"line":304,"column":13}},{"start":{"line":304,"column":17},"end":{"line":304,"column":43}}]},"27":{"line":310,"type":"if","locations":[{"start":{"line":310,"column":2},"end":{"line":310,"column":2}},{"start":{"line":310,"column":2},"end":{"line":310,"column":2}}]},"28":{"line":324,"type":"cond-expr","locations":[{"start":{"line":325,"column":6},"end":{"line":325,"column":15}},{"start":{"line":326,"column":6},"end":{"line":326,"column":11}}]},"29":{"line":330,"type":"if","locations":[{"start":{"line":330,"column":4},"end":{"line":330,"column":4}},{"start":{"line":330,"column":4},"end":{"line":330,"column":4}}]},"30":{"line":338,"type":"if","locations":[{"start":{"line":338,"column":4},"end":{"line":338,"column":4}},{"start":{"line":338,"column":4},"end":{"line":338,"column":4}}]},"31":{"line":344,"type":"if","locations":[{"start":{"line":344,"column":4},"end":{"line":344,"column":4}},{"start":{"line":344,"column":4},"end":{"line":344,"column":4}}]},"32":{"line":354,"type":"if","locations":[{"start":{"line":354,"column":4},"end":{"line":354,"column":4}},{"start":{"line":354,"column":4},"end":{"line":354,"column":4}}]},"33":{"line":358,"type":"if","locations":[{"start":{"line":358,"column":4},"end":{"line":358,"column":4}},{"start":{"line":358,"column":4},"end":{"line":358,"column":4}}]},"34":{"line":368,"type":"if","locations":[{"start":{"line":368,"column":2},"end":{"line":368,"column":2}},{"start":{"line":368,"column":2},"end":{"line":368,"column":2}}]},"35":{"line":368,"type":"binary-expr","locations":[{"start":{"line":368,"column":6},"end":{"line":368,"column":18}},{"start":{"line":368,"column":22},"end":{"line":368,"column":45}}]},"36":{"line":401,"type":"cond-expr","locations":[{"start":{"line":402,"column":6},"end":{"line":402,"column":16}},{"start":{"line":403,"column":6},"end":{"line":403,"column":15}}]}},"code":["/*!"," * content-disposition"," * Copyright(c) 2014 Douglas Christopher Wilson"," * MIT Licensed"," */","","'use strict'","","/**"," * Module exports."," */","","module.exports = contentDisposition","module.exports.parse = parse","","/**"," * Module dependencies."," */","","var basename = require('path').basename","","/**"," * RegExp to match non attr-char, *after* encodeURIComponent (i.e. not including \"%\")"," */","","var ENCODE_URL_ATTR_CHAR_REGEXP = /[\\x00-\\x20\"'()*,/:;<=>?@[\\\\\\]{}\\x7f]/g // eslint-disable-line no-control-regex","","/**"," * RegExp to match percent encoding escape."," */","","var HEX_ESCAPE_REGEXP = /%[0-9A-Fa-f]{2}/","var HEX_ESCAPE_REPLACE_REGEXP = /%([0-9A-Fa-f]{2})/g","","/**"," * RegExp to match non-latin1 characters."," */","","var NON_LATIN1_REGEXP = /[^\\x20-\\x7e\\xa0-\\xff]/g","","/**"," * RegExp to match quoted-pair in RFC 2616"," *"," * quoted-pair = \"\\\" CHAR"," * CHAR        = <any US-ASCII character (octets 0 - 127)>"," */","","var QESC_REGEXP = /\\\\([\\u0000-\\u007f])/g","","/**"," * RegExp to match chars that must be quoted-pair in RFC 2616"," */","","var QUOTE_REGEXP = /([\\\\\"])/g","","/**"," * RegExp for various RFC 2616 grammar"," *"," * parameter     = token \"=\" ( token | quoted-string )"," * token         = 1*<any CHAR except CTLs or separators>"," * separators    = \"(\" | \")\" | \"<\" | \">\" | \"@\""," *               | \",\" | \";\" | \":\" | \"\\\" | <\">"," *               | \"/\" | \"[\" | \"]\" | \"?\" | \"=\""," *               | \"{\" | \"}\" | SP | HT"," * quoted-string = ( <\"> *(qdtext | quoted-pair ) <\"> )"," * qdtext        = <any TEXT except <\">>"," * quoted-pair   = \"\\\" CHAR"," * CHAR          = <any US-ASCII character (octets 0 - 127)>"," * TEXT          = <any OCTET except CTLs, but including LWS>"," * LWS           = [CRLF] 1*( SP | HT )"," * CRLF          = CR LF"," * CR            = <US-ASCII CR, carriage return (13)>"," * LF            = <US-ASCII LF, linefeed (10)>"," * SP            = <US-ASCII SP, space (32)>"," * HT            = <US-ASCII HT, horizontal-tab (9)>"," * CTL           = <any US-ASCII control character (octets 0 - 31) and DEL (127)>"," * OCTET         = <any 8-bit sequence of data>"," */","","var PARAM_REGEXP = /;[\\x09\\x20]*([!#$%&'*+.0-9A-Z^_`a-z|~-]+)[\\x09\\x20]*=[\\x09\\x20]*(\"(?:[\\x20!\\x23-\\x5b\\x5d-\\x7e\\x80-\\xff]|\\\\[\\x20-\\x7e])*\"|[!#$%&'*+.0-9A-Z^_`a-z|~-]+)[\\x09\\x20]*/g // eslint-disable-line no-control-regex","var TEXT_REGEXP = /^[\\x20-\\x7e\\x80-\\xff]+$/","var TOKEN_REGEXP = /^[!#$%&'*+.0-9A-Z^_`a-z|~-]+$/","","/**"," * RegExp for various RFC 5987 grammar"," *"," * ext-value     = charset  \"'\" [ language ] \"'\" value-chars"," * charset       = \"UTF-8\" / \"ISO-8859-1\" / mime-charset"," * mime-charset  = 1*mime-charsetc"," * mime-charsetc = ALPHA / DIGIT"," *               / \"!\" / \"#\" / \"$\" / \"%\" / \"&\""," *               / \"+\" / \"-\" / \"^\" / \"_\" / \"`\""," *               / \"{\" / \"}\" / \"~\""," * language      = ( 2*3ALPHA [ extlang ] )"," *               / 4ALPHA"," *               / 5*8ALPHA"," * extlang       = *3( \"-\" 3ALPHA )"," * value-chars   = *( pct-encoded / attr-char )"," * pct-encoded   = \"%\" HEXDIG HEXDIG"," * attr-char     = ALPHA / DIGIT"," *               / \"!\" / \"#\" / \"$\" / \"&\" / \"+\" / \"-\" / \".\""," *               / \"^\" / \"_\" / \"`\" / \"|\" / \"~\""," */","","var EXT_VALUE_REGEXP = /^([A-Za-z0-9!#$%&+\\-^_`{}~]+)'(?:[A-Za-z]{2,3}(?:-[A-Za-z]{3}){0,3}|[A-Za-z]{4,8}|)'((?:%[0-9A-Fa-f]{2}|[A-Za-z0-9!#$&+.^_`|~-])+)$/","","/**"," * RegExp for various RFC 6266 grammar"," *"," * disposition-type = \"inline\" | \"attachment\" | disp-ext-type"," * disp-ext-type    = token"," * disposition-parm = filename-parm | disp-ext-parm"," * filename-parm    = \"filename\" \"=\" value"," *                  | \"filename*\" \"=\" ext-value"," * disp-ext-parm    = token \"=\" value"," *                  | ext-token \"=\" ext-value"," * ext-token        = <the characters in token, followed by \"*\">"," */","","var DISPOSITION_TYPE_REGEXP = /^([!#$%&'*+.0-9A-Z^_`a-z|~-]+)[\\x09\\x20]*(?:$|;)/ // eslint-disable-line no-control-regex","","/**"," * Create an attachment Content-Disposition header."," *"," * @param {string} [filename]"," * @param {object} [options]"," * @param {string} [options.type=attachment]"," * @param {string|boolean} [options.fallback=true]"," * @return {string}"," * @api public"," */","","function contentDisposition (filename, options) {","  var opts = options || {}","","  // get type","  var type = opts.type || 'attachment'","","  // get parameters","  var params = createparams(filename, opts.fallback)","","  // format into string","  return format(new ContentDisposition(type, params))","}","","/**"," * Create parameters object from filename and fallback."," *"," * @param {string} [filename]"," * @param {string|boolean} [fallback=true]"," * @return {object}"," * @api private"," */","","function createparams (filename, fallback) {","  if (filename === undefined) {","    return","  }","","  var params = {}","","  if (typeof filename !== 'string') {","    throw new TypeError('filename must be a string')","  }","","  // fallback defaults to true","  if (fallback === undefined) {","    fallback = true","  }","","  if (typeof fallback !== 'string' && typeof fallback !== 'boolean') {","    throw new TypeError('fallback must be a string or boolean')","  }","","  if (typeof fallback === 'string' && NON_LATIN1_REGEXP.test(fallback)) {","    throw new TypeError('fallback must be ISO-8859-1 string')","  }","","  // restrict to file base name","  var name = basename(filename)","","  // determine if name is suitable for quoted string","  var isQuotedString = TEXT_REGEXP.test(name)","","  // generate fallback name","  var fallbackName = typeof fallback !== 'string'","    ? fallback && getlatin1(name)","    : basename(fallback)","  var hasFallback = typeof fallbackName === 'string' && fallbackName !== name","","  // set extended filename parameter","  if (hasFallback || !isQuotedString || HEX_ESCAPE_REGEXP.test(name)) {","    params['filename*'] = name","  }","","  // set filename parameter","  if (isQuotedString || hasFallback) {","    params.filename = hasFallback","      ? fallbackName","      : name","  }","","  return params","}","","/**"," * Format object to Content-Disposition header."," *"," * @param {object} obj"," * @param {string} obj.type"," * @param {object} [obj.parameters]"," * @return {string}"," * @api private"," */","","function format (obj) {","  var parameters = obj.parameters","  var type = obj.type","","  if (!type || typeof type !== 'string' || !TOKEN_REGEXP.test(type)) {","    throw new TypeError('invalid type')","  }","","  // start with normalized type","  var string = String(type).toLowerCase()","","  // append parameters","  if (parameters && typeof parameters === 'object') {","    var param","    var params = Object.keys(parameters).sort()","","    for (var i = 0; i < params.length; i++) {","      param = params[i]","","      var val = param.substr(-1) === '*'","        ? ustring(parameters[param])","        : qstring(parameters[param])","","      string += '; ' + param + '=' + val","    }","  }","","  return string","}","","/**"," * Decode a RFC 6987 field value (gracefully)."," *"," * @param {string} str"," * @return {string}"," * @api private"," */","","function decodefield (str) {","  var match = EXT_VALUE_REGEXP.exec(str)","","  if (!match) {","    throw new TypeError('invalid extended field value')","  }","","  var charset = match[1].toLowerCase()","  var encoded = match[2]","  var value","","  // to binary string","  var binary = encoded.replace(HEX_ESCAPE_REPLACE_REGEXP, pdecode)","","  switch (charset) {","    case 'iso-8859-1':","      value = getlatin1(binary)","      break","    case 'utf-8':","      value = new Buffer(binary, 'binary').toString('utf8')","      break","    default:","      throw new TypeError('unsupported charset in extended field')","  }","","  return value","}","","/**"," * Get ISO-8859-1 version of string."," *"," * @param {string} val"," * @return {string}"," * @api private"," */","","function getlatin1 (val) {","  // simple Unicode -> ISO-8859-1 transformation","  return String(val).replace(NON_LATIN1_REGEXP, '?')","}","","/**"," * Parse Content-Disposition header string."," *"," * @param {string} string"," * @return {object}"," * @api private"," */","","function parse (string) {","  if (!string || typeof string !== 'string') {","    throw new TypeError('argument string is required')","  }","","  var match = DISPOSITION_TYPE_REGEXP.exec(string)","","  if (!match) {","    throw new TypeError('invalid type format')","  }","","  // normalize type","  var index = match[0].length","  var type = match[1].toLowerCase()","","  var key","  var names = []","  var params = {}","  var value","","  // calculate index to start at","  index = PARAM_REGEXP.lastIndex = match[0].substr(-1) === ';'","    ? index - 1","    : index","","  // match parameters","  while ((match = PARAM_REGEXP.exec(string))) {","    if (match.index !== index) {","      throw new TypeError('invalid parameter format')","    }","","    index += match[0].length","    key = match[1].toLowerCase()","    value = match[2]","","    if (names.indexOf(key) !== -1) {","      throw new TypeError('invalid duplicate parameter')","    }","","    names.push(key)","","    if (key.indexOf('*') + 1 === key.length) {","      // decode extended value","      key = key.slice(0, -1)","      value = decodefield(value)","","      // overwrite existing value","      params[key] = value","      continue","    }","","    if (typeof params[key] === 'string') {","      continue","    }","","    if (value[0] === '\"') {","      // remove quotes and escapes","      value = value","        .substr(1, value.length - 2)","        .replace(QESC_REGEXP, '$1')","    }","","    params[key] = value","  }","","  if (index !== -1 && index !== string.length) {","    throw new TypeError('invalid parameter format')","  }","","  return new ContentDisposition(type, params)","}","","/**"," * Percent decode a single character."," *"," * @param {string} str"," * @param {string} hex"," * @return {string}"," * @api private"," */","","function pdecode (str, hex) {","  return String.fromCharCode(parseInt(hex, 16))","}","","/**"," * Percent encode a single character."," *"," * @param {string} char"," * @return {string}"," * @api private"," */","","function pencode (char) {","  var hex = String(char)","    .charCodeAt(0)","    .toString(16)","    .toUpperCase()","  return hex.length === 1","    ? '%0' + hex","    : '%' + hex","}","","/**"," * Quote a string for HTTP."," *"," * @param {string} val"," * @return {string}"," * @api private"," */","","function qstring (val) {","  var str = String(val)","","  return '\"' + str.replace(QUOTE_REGEXP, '\\\\$1') + '\"'","}","","/**"," * Encode a Unicode string for HTTP (RFC 5987)."," *"," * @param {string} val"," * @return {string}"," * @api private"," */","","function ustring (val) {","  var str = String(val)","","  // percent encode as UTF-8","  var encoded = encodeURIComponent(str)","    .replace(ENCODE_URL_ATTR_CHAR_REGEXP, pencode)","","  return 'UTF-8\\'\\'' + encoded","}","","/**"," * Class for parsed Content-Disposition header for v8 optimization"," */","","function ContentDisposition (type, parameters) {","  this.type = type","  this.parameters = parameters","}",""],"l":{"13":1,"14":1,"20":1,"26":1,"32":1,"33":1,"39":1,"48":1,"54":1,"80":1,"81":1,"82":1,"105":1,"120":1,"133":1,"134":0,"137":0,"140":0,"143":0,"155":1,"156":0,"157":0,"160":0,"162":0,"163":0,"167":0,"168":0,"171":0,"172":0,"175":0,"176":0,"180":0,"183":0,"186":0,"189":0,"192":0,"193":0,"197":0,"198":0,"203":0,"216":1,"217":0,"218":0,"220":0,"221":0,"225":0,"228":0,"229":0,"230":0,"232":0,"233":0,"235":0,"239":0,"243":0,"254":1,"255":0,"257":0,"258":0,"261":0,"262":0,"263":0,"266":0,"268":0,"270":0,"271":0,"273":0,"274":0,"276":0,"279":0,"290":1,"292":0,"303":1,"304":0,"305":0,"308":0,"310":0,"311":0,"315":0,"316":0,"318":0,"319":0,"320":0,"321":0,"324":0,"329":0,"330":0,"331":0,"334":0,"335":0,"336":0,"338":0,"339":0,"342":0,"344":0,"346":0,"347":0,"350":0,"351":0,"354":0,"355":0,"358":0,"360":0,"365":0,"368":0,"369":0,"372":0,"384":1,"385":0,"396":1,"397":0,"401":0,"414":1,"415":0,"417":0,"428":1,"429":0,"432":0,"435":0,"442":1,"443":0,"444":0}}}